Activity at 2025-11-05T12:53:14.000Z
Activity at 2025-11-05T16:23:34.000Z
Activity at 2025-11-05T09:51:54.000Z
Activity at 2025-11-05T10:16:45.000Z
Activity at 2025-11-05T21:55:26.000Z
Activity at 2025-11-06T16:18:24.000Z
Activity at 2025-11-06T18:33:54.000Z
Activity at 2025-11-06T14:20:25.000Z
Activity at 2025-11-06T10:53:49.000Z
Activity at 2025-11-06T20:59:05.000Z
Activity at 2025-11-06T14:56:04.000Z
Activity at 2025-11-06T16:19:22.000Z
Activity at 2025-11-07T18:28:01.000Z
Activity at 2025-11-07T20:44:51.000Z
Activity at 2025-11-07T18:56:12.000Z
Activity at 2025-11-07T09:35:22.000Z
Activity at 2025-11-07T22:29:56.000Z
Activity at 2025-11-10T22:48:33.000Z
Activity at 2025-11-10T10:30:34.000Z
Activity at 2025-11-10T11:13:31.000Z
Activity at 2025-11-10T09:50:20.000Z
Activity at 2025-11-10T14:12:12.000Z
Activity at 2025-11-11T16:45:25.000Z
Activity at 2025-11-11T13:21:59.000Z
Activity at 2025-11-10T23:57:27.000Z
Activity at 2025-11-11T15:09:51.000Z
Activity at 2025-11-11T17:28:05.000Z
Activity at 2025-11-12T22:16:35.000Z
Activity at 2025-11-12T15:12:14.000Z
Activity at 2025-11-12T17:42:53.000Z
Activity at 2025-11-12T10:52:58.000Z
Activity at 2025-11-12T10:02:20.000Z
Activity at 2025-11-14T10:14:26.000Z
Activity at 2025-11-14T18:51:13.000Z
Activity at 2025-11-14T11:04:43.000Z
Activity at 2025-11-14T20:42:06.000Z
Activity at 2025-11-14T17:13:10.000Z
Activity at 2025-11-15T09:07:15.000Z
Activity at 2025-11-15T17:51:32.000Z
Activity at 2025-11-17T13:06:27.000Z
Activity at 2025-11-17T10:27:57.000Z
Activity at 2025-11-17T18:40:40.000Z
Activity at 2025-11-17T18:10:54.000Z
Activity at 2025-11-17T21:48:07.000Z
Activity at 2025-11-20T15:38:52.000Z
Activity at 2025-11-20T10:32:51.000Z
Activity at 2025-11-20T10:58:29.000Z
Activity at 2025-11-20T11:40:22.000Z
Activity at 2025-11-20T21:41:04.000Z
Activity at 2025-11-21T12:57:25.000Z
Activity at 2025-11-21T14:23:02.000Z
Activity at 2025-11-21T02:50:47.000Z
Activity at 2025-11-21T12:58:56.000Z
Activity at 2025-11-24T11:27:16.000Z
Activity at 2025-11-24T20:30:56.000Z
Activity at 2025-11-24T16:02:45.000Z
Activity at 2025-11-24T14:58:15.000Z
Activity at 2025-11-24T10:48:00.000Z
Activity at 2025-11-25T12:32:24.000Z
Activity at 2025-11-25T20:46:18.000Z
Activity at 2025-11-25T14:13:00.000Z
Activity at 2025-11-25T15:27:28.000Z
Activity at 2025-11-25T09:58:51.000Z
Activity at 2025-11-26T20:22:56.000Z
Activity at 2025-11-26T10:17:46.000Z
Activity at 2025-11-26T13:52:50.000Z
Activity at 2025-11-26T14:29:45.000Z
Activity at 2025-11-26T16:08:28.000Z
Activity at 2025-11-28T15:59:56.000Z
Activity at 2025-11-28T16:54:26.000Z
Activity at 2025-11-28T15:57:35.000Z
Activity at 2025-11-30T14:10:25.000Z
Activity at 2025-11-30T09:05:39.000Z
Activity at 2025-12-01T00:49:48.000Z
Activity at 2025-12-01T11:10:06.000Z
Activity at 2025-12-01T15:56:33.000Z
Activity at 2025-12-01T22:14:07.000Z
Activity at 2025-12-01T21:15:12.000Z
Activity at 2025-12-01T12:44:33.000Z
Activity at 2025-12-01T15:26:15.000Z
Activity at 2025-12-02T14:45:34.000Z
Activity at 2025-12-02T12:10:57.000Z
Activity at 2025-12-02T15:02:23.000Z
Activity at 2025-12-02T10:38:21.000Z
Activity at 2025-12-02T11:19:10.000Z
Activity at 2025-12-02T22:50:45.000Z
Activity at 2025-12-02T16:34:30.000Z
Activity at 2025-12-03T18:23:15.000Z
Activity at 2025-12-03T17:52:56.000Z
Activity at 2025-12-03T15:41:14.000Z
Activity at 2025-12-03T09:58:10.000Z
Activity at 2025-12-03T13:42:02.000Z
Activity at 2025-12-04T14:05:06.000Z
Activity at 2025-12-04T09:26:51.000Z
Activity at 2025-12-04T15:38:15.000Z
Activity at 2025-12-04T09:48:55.000Z
Activity at 2025-12-08T18:40:16.000Z
Activity at 2025-12-08T18:40:13.000Z
Activity at 2025-12-08T09:14:21.000Z
Activity at 2025-12-08T14:44:35.000Z
Activity at 2025-12-09T09:04:05.000Z
Activity at 2025-12-09T18:01:33.000Z
Activity at 2025-12-09T09:54:52.000Z
Activity at 2025-12-11T13:54:55.000Z
Activity at 2025-12-11T21:31:42.000Z
Activity at 2025-12-11T18:00:43.000Z
Activity at 2025-12-11T01:26:30.000Z
Activity at 2025-12-11T12:56:11.000Z
Activity at 2025-12-12T14:33:11.000Z
Activity at 2025-12-12T19:52:03.000Z
Activity at 2025-12-12T16:22:09.000Z
Activity at 2025-12-15T09:21:54.000Z
Activity at 2025-12-15T12:43:48.000Z
Activity at 2025-12-15T22:09:22.000Z
Activity at 2025-12-15T12:45:41.000Z
Activity at 2025-12-15T09:22:36.000Z
Activity at 2025-12-15T17:34:42.000Z
Activity at 2025-12-15T10:10:22.000Z
Activity at 2025-12-16T10:29:17.000Z
Activity at 2025-12-16T12:46:43.000Z
Activity at 2025-12-16T13:51:50.000Z
Activity at 2025-12-16T12:59:12.000Z
Activity at 2025-12-16T20:26:40.000Z
Activity at 2025-12-16T11:16:03.000Z
Activity at 2025-12-17T09:02:18.000Z
Activity at 2025-12-17T12:53:38.000Z
Activity at 2025-12-17T14:41:04.000Z
Activity at 2025-12-17T21:08:27.000Z
Activity at 2025-12-19T11:51:42.000Z
Activity at 2025-12-19T10:09:48.000Z
Activity at 2025-12-19T11:13:04.000Z
Activity at 2025-12-19T15:33:55.000Z
Activity at 2025-12-19T02:33:15.000Z
Activity at 2025-12-20T13:05:52.000Z
Activity at 2025-12-25T17:50:07.000Z
Activity at 2025-12-25T16:21:45.000Z
Activity at 2025-12-25T12:13:59.000Z
Activity at 2025-12-25T13:19:42.000Z
Activity at 2025-12-25T20:08:05.000Z
Activity at 2025-12-25T17:51:26.000Z
Activity at 2025-12-29T11:36:53.000Z
Activity at 2025-12-29T17:50:52.000Z
Activity at 2025-12-29T11:39:21.000Z
Activity at 2025-12-29T09:42:57.000Z
Activity at 2025-12-29T11:21:37.000Z
Activity at 2025-12-30T10:32:26.000Z
Activity at 2025-12-30T12:26:28.000Z
Activity at 2025-12-30T10:57:10.000Z
Activity at 2026-01-01T19:06:59.000Z
Activity at 2026-01-01T21:40:16.000Z
Activity at 2026-01-01T17:42:28.000Z
Activity at 2026-01-01T16:42:47.000Z
Activity at 2026-01-01T11:33:15.000Z
Activity at 2026-01-01T19:16:01.000Z
Activity at 2026-01-02T14:06:22.000Z
Activity at 2026-01-02T18:46:38.000Z
Activity at 2026-01-02T17:40:54.000Z
Activity at 2026-01-05T12:42:26.000Z
Activity at 2026-01-05T14:17:59.000Z
Activity at 2026-01-05T11:01:51.000Z
Activity at 2026-01-06T11:40:36.000Z
Activity at 2026-01-06T15:12:06.000Z
Activity at 2026-01-06T12:17:42.000Z
Activity at 2026-01-06T10:03:16.000Z
Activity at 2026-01-06T19:55:54.000Z
Activity at 2026-01-08T11:31:44.000Z
Activity at 2026-01-08T14:55:24.000Z
Activity at 2026-01-08T17:31:57.000Z
Activity at 2026-01-08T15:39:49.000Z
Activity at 2026-01-08T16:01:44.000Z
Activity at 2026-01-09T16:55:28.000Z
Activity at 2026-01-09T12:33:22.000Z
Activity at 2026-01-09T16:16:41.000Z
Activity at 2026-01-09T17:19:30.000Z
Activity at 2026-01-13T11:00:43.000Z
Activity at 2026-01-13T14:19:15.000Z
Activity at 2026-01-13T22:33:06.000Z
Activity at 2026-01-19T18:54:05.000Z
Activity at 2026-01-19T13:25:18.000Z
Activity at 2026-01-19T00:59:30.000Z
Activity at 2026-01-19T17:45:30.000Z
Activity at 2026-01-19T13:12:47.000Z
Activity at 2026-01-20T14:44:53.000Z
Activity at 2026-01-20T09:27:45.000Z
Activity at 2026-01-20T14:39:50.000Z
Activity at 2026-01-20T10:00:14.000Z
Activity at 2026-01-20T09:35:43.000Z
Activity at 2026-01-20T00:44:04.000Z
Activity at 2026-01-20T19:57:40.000Z
Activity at 2026-01-22T14:11:13.000Z
Activity at 2026-01-22T14:46:33.000Z
Activity at 2026-01-22T18:28:49.000Z
Activity at 2026-01-22T09:23:27.000Z
Activity at 2026-01-26T14:33:22.000Z
Activity at 2026-01-26T15:48:35.000Z
Activity at 2026-01-26T13:47:24.000Z
Activity at 2026-01-25T23:49:42.000Z
Activity at 2026-01-27T12:32:23.000Z
Activity at 2026-01-27T15:24:26.000Z
Activity at 2026-01-27T14:29:22.000Z
Activity at 2026-01-28T14:46:29.000Z
Activity at 2026-01-28T17:37:48.000Z
Activity at 2026-01-28T17:49:34.000Z
Activity at 2026-01-28T16:31:16.000Z
Activity at 2026-01-29T13:55:13.000Z
Activity at 2026-01-29T11:52:44.000Z
Activity at 2026-01-29T18:25:07.000Z
Activity at 2026-01-30T16:10:08.000Z
Activity at 2026-01-30T10:16:11.000Z
Activity at 2026-01-30T12:05:58.000Z
Activity at 2026-01-30T18:44:53.000Z
Activity at 2026-02-02T16:39:54.000Z
Activity at 2026-02-02T13:55:48.000Z
Activity at 2026-02-02T21:15:43.000Z
Activity at 2026-02-02T10:42:31.000Z
Activity at 2026-02-02T17:09:51.000Z
Activity at 2026-02-04T10:59:46.000Z
Activity at 2026-02-04T15:26:07.000Z
Activity at 2026-02-04T13:33:15.000Z
Activity at 2026-02-04T10:55:29.000Z
Activity at 2026-02-04T15:54:57.000Z
Activity at 2026-02-05T12:23:06.000Z
Activity at 2026-02-05T15:59:59.000Z
Activity at 2026-02-05T10:09:53.000Z
Activity at 2026-02-06T12:34:16.000Z
Activity at 2026-02-06T12:13:50.000Z
Activity at 2026-02-06T09:45:28.000Z
Activity at 2026-02-06T14:42:51.000Z
Activity at 2026-02-06T20:29:00.000Z
Activity at 2026-02-06T09:00:35.000Z
Activity at 2026-02-06T17:40:51.000Z
[INIT] at 2026-02-02T12:20:41.000Z
[CORE] at 2026-02-02T14:44:18.000Z
[DOCS] at 2026-02-02T16:47:03.000Z
[DOCS] at 2026-02-02T21:33:12.000Z
[INIT] at 2026-02-02T21:28:34.000Z
[INIT] at 2026-02-02T22:34:14.000Z
[INIT] at 2026-02-03T16:46:16.000Z
[INIT] at 2026-02-03T03:19:14.000Z
[INIT] at 2026-02-03T15:21:13.000Z
[CORE] at 2026-02-03T11:22:58.000Z
[INIT] at 2026-02-03T18:06:12.000Z
[INIT] at 2026-02-03T11:31:09.000Z
[INIT] at 2026-02-03T12:59:08.000Z
[INIT] at 2026-02-03T14:05:35.000Z
[INIT] at 2026-02-04T14:31:43.000Z
[CORE] at 2026-02-04T16:22:45.000Z
[CORE] at 2026-02-05T10:58:06.000Z
[INIT] at 2026-02-05T12:03:53.000Z
[INIT] at 2026-02-05T11:47:23.000Z
[INIT] at 2026-02-05T10:37:29.000Z
[INIT] at 2026-02-05T23:23:05.000Z
[INIT] at 2026-02-05T11:14:54.000Z
[INIT] at 2026-02-05T19:21:16.000Z
[INIT] at 2026-02-06T11:16:44.000Z
[INIT] at 2026-02-06T10:48:18.000Z
[INIT] at 2026-02-06T10:03:01.000Z
[INIT] at 2026-02-06T20:20:39.000Z
[CORE] at 2026-02-06T15:08:05.000Z
[CORE] at 2026-02-06T15:19:59.000Z
[FEATURES] at 2026-02-09T22:11:53.000Z
[CORE] at 2026-02-09T10:18:48.000Z
[CORE] at 2026-02-09T17:21:36.000Z
[FEATURES] at 2026-02-09T19:07:36.000Z
[CORE] at 2026-02-09T16:42:53.000Z
[CORE] at 2026-02-09T13:22:19.000Z
[FEATURES] at 2026-02-11T23:30:18.000Z
[CORE] at 2026-02-11T13:20:02.000Z
[CORE] at 2026-02-11T12:35:50.000Z
[CORE] at 2026-02-11T15:47:54.000Z
